<?xml version="1.0" encoding="UTF-8"?>
<!-- Generated by org.testng.reporters.JUnitXMLReporter -->
<testsuite ignored="0" hostname="DESKTOP-SL1O0MU" failures="0" tests="9" name="Default test" time="213.749" errors="0" timestamp="2023-04-01T11:16:19 IST">
  <testcase classname="org.c.ExecutionClass" name="Title" time="36.289"/>
  <testcase classname="org.c.ExecutionClass" name="Description" time="0.02"/>
  <testcase classname="org.c.ExecutionClass" name="ClassColor" time="39.707"/>
  <testcase classname="org.c.ExecutionClass" name="Image" time="47.389"/>
  <testcase classname="org.c.ExecutionClass" name="ClassDetails" time="19.188"/>
  <testcase classname="org.c.ExecutionClass" name="ClassSchedule" time="16.245"/>
  <testcase classname="org.c.ExecutionClass" name="StartDateAndTime" time="24.774"/>
  <testcase classname="org.c.ExecutionClass" name="EndDateAndTime" time="29.645"/>
  <testcase classname="org.c.ExecutionClass" name="BookingWindow" time="0.174"/>
</testsuite> <!-- Default test -->
