<?xml version="1.0" encoding="UTF-8"?>
<testng-results ignored="0" total="9" passed="9" failed="0" skipped="0">
  <reporter-output>
  </reporter-output>
  <suite started-at="2023-04-01T11:12:45 IST" name="Default suite" finished-at="2023-04-01T11:16:19 IST" duration-ms="213749">
    <groups>
    </groups>
    <test started-at="2023-04-01T11:12:45 IST" name="Default test" finished-at="2023-04-01T11:16:19 IST" duration-ms="213749">
      <class name="org.c.ExecutionClass">
        <test-method is-config="true" signature="start(org.testng.ITestResult)[pri:0, instance:org.c.ExecutionClass@20f5239f]" started-at="2023-04-01T11:12:45 IST" name="start" finished-at="2023-04-01T11:12:45 IST" duration-ms="21" status="PASS">
          <params>
            <param index="0">
              <value>
                <![CDATA[[TestResult name={null} status=CREATED method=ExecutionClass.Title()[pri:1, instance:org.c.ExecutionClass@20f5239f] output={null}]]]>
              </value>
            </param>
          </params>
          <reporter-output>
          </reporter-output>
        </test-method> <!-- start -->
        <test-method signature="Title()[pri:1, instance:org.c.ExecutionClass@20f5239f]" started-at="2023-04-01T11:12:45 IST" name="Title" finished-at="2023-04-01T11:13:21 IST" duration-ms="36289" status="PASS">
          <reporter-output>
          </reporter-output>
        </test-method> <!-- Title -->
        <test-method is-config="true" signature="start(org.testng.ITestResult)[pri:0, instance:org.c.ExecutionClass@20f5239f]" started-at="2023-04-01T11:13:21 IST" name="start" finished-at="2023-04-01T11:13:21 IST" duration-ms="2" status="PASS">
          <params>
            <param index="0">
              <value>
                <![CDATA[[TestResult name={null} status=CREATED method=ExecutionClass.Description()[pri:2, instance:org.c.ExecutionClass@20f5239f] output={null}]]]>
              </value>
            </param>
          </params>
          <reporter-output>
          </reporter-output>
        </test-method> <!-- start -->
        <test-method signature="Description()[pri:2, instance:org.c.ExecutionClass@20f5239f]" started-at="2023-04-01T11:13:21 IST" name="Description" finished-at="2023-04-01T11:13:21 IST" duration-ms="20" status="PASS">
          <reporter-output>
          </reporter-output>
        </test-method> <!-- Description -->
        <test-method is-config="true" signature="start(org.testng.ITestResult)[pri:0, instance:org.c.ExecutionClass@20f5239f]" started-at="2023-04-01T11:13:21 IST" name="start" finished-at="2023-04-01T11:13:21 IST" duration-ms="2" status="PASS">
          <params>
            <param index="0">
              <value>
                <![CDATA[[TestResult name={null} status=CREATED method=ExecutionClass.ClassColor()[pri:3, instance:org.c.ExecutionClass@20f5239f] output={null}]]]>
              </value>
            </param>
          </params>
          <reporter-output>
          </reporter-output>
        </test-method> <!-- start -->
        <test-method signature="ClassColor()[pri:3, instance:org.c.ExecutionClass@20f5239f]" started-at="2023-04-01T11:13:21 IST" name="ClassColor" finished-at="2023-04-01T11:14:01 IST" duration-ms="39707" status="PASS">
          <reporter-output>
          </reporter-output>
        </test-method> <!-- ClassColor -->
        <test-method is-config="true" signature="start(org.testng.ITestResult)[pri:0, instance:org.c.ExecutionClass@20f5239f]" started-at="2023-04-01T11:14:01 IST" name="start" finished-at="2023-04-01T11:14:01 IST" duration-ms="1" status="PASS">
          <params>
            <param index="0">
              <value>
                <![CDATA[[TestResult name={null} status=CREATED method=ExecutionClass.Image()[pri:3, instance:org.c.ExecutionClass@20f5239f] output={null}]]]>
              </value>
            </param>
          </params>
          <reporter-output>
          </reporter-output>
        </test-method> <!-- start -->
        <test-method signature="Image()[pri:3, instance:org.c.ExecutionClass@20f5239f]" started-at="2023-04-01T11:14:01 IST" name="Image" finished-at="2023-04-01T11:14:49 IST" duration-ms="47389" status="PASS">
          <reporter-output>
          </reporter-output>
        </test-method> <!-- Image -->
        <test-method is-config="true" signature="start(org.testng.ITestResult)[pri:0, instance:org.c.ExecutionClass@20f5239f]" started-at="2023-04-01T11:14:49 IST" name="start" finished-at="2023-04-01T11:14:49 IST" duration-ms="1" status="PASS">
          <params>
            <param index="0">
              <value>
                <![CDATA[[TestResult name={null} status=CREATED method=ExecutionClass.ClassDetails()[pri:4, instance:org.c.ExecutionClass@20f5239f] output={null}]]]>
              </value>
            </param>
          </params>
          <reporter-output>
          </reporter-output>
        </test-method> <!-- start -->
        <test-method signature="ClassDetails()[pri:4, instance:org.c.ExecutionClass@20f5239f]" started-at="2023-04-01T11:14:49 IST" name="ClassDetails" finished-at="2023-04-01T11:15:08 IST" duration-ms="19188" status="PASS">
          <reporter-output>
          </reporter-output>
        </test-method> <!-- ClassDetails -->
        <test-method is-config="true" signature="start(org.testng.ITestResult)[pri:0, instance:org.c.ExecutionClass@20f5239f]" started-at="2023-04-01T11:15:08 IST" name="start" finished-at="2023-04-01T11:15:08 IST" duration-ms="1" status="PASS">
          <params>
            <param index="0">
              <value>
                <![CDATA[[TestResult name={null} status=CREATED method=ExecutionClass.ClassSchedule()[pri:5, instance:org.c.ExecutionClass@20f5239f] output={null}]]]>
              </value>
            </param>
          </params>
          <reporter-output>
          </reporter-output>
        </test-method> <!-- start -->
        <test-method signature="ClassSchedule()[pri:5, instance:org.c.ExecutionClass@20f5239f]" started-at="2023-04-01T11:15:08 IST" name="ClassSchedule" finished-at="2023-04-01T11:15:24 IST" duration-ms="16245" status="PASS">
          <reporter-output>
          </reporter-output>
        </test-method> <!-- ClassSchedule -->
        <test-method is-config="true" signature="start(org.testng.ITestResult)[pri:0, instance:org.c.ExecutionClass@20f5239f]" started-at="2023-04-01T11:15:24 IST" name="start" finished-at="2023-04-01T11:15:24 IST" duration-ms="1" status="PASS">
          <params>
            <param index="0">
              <value>
                <![CDATA[[TestResult name={null} status=CREATED method=ExecutionClass.StartDateAndTime()[pri:6, instance:org.c.ExecutionClass@20f5239f] output={null}]]]>
              </value>
            </param>
          </params>
          <reporter-output>
          </reporter-output>
        </test-method> <!-- start -->
        <test-method signature="StartDateAndTime()[pri:6, instance:org.c.ExecutionClass@20f5239f]" started-at="2023-04-01T11:15:24 IST" name="StartDateAndTime" finished-at="2023-04-01T11:15:49 IST" duration-ms="24774" status="PASS">
          <reporter-output>
          </reporter-output>
        </test-method> <!-- StartDateAndTime -->
        <test-method is-config="true" signature="start(org.testng.ITestResult)[pri:0, instance:org.c.ExecutionClass@20f5239f]" started-at="2023-04-01T11:15:49 IST" name="start" finished-at="2023-04-01T11:15:49 IST" duration-ms="1" status="PASS">
          <params>
            <param index="0">
              <value>
                <![CDATA[[TestResult name={null} status=CREATED method=ExecutionClass.EndDateAndTime()[pri:7, instance:org.c.ExecutionClass@20f5239f] output={null}]]]>
              </value>
            </param>
          </params>
          <reporter-output>
          </reporter-output>
        </test-method> <!-- start -->
        <test-method signature="EndDateAndTime()[pri:7, instance:org.c.ExecutionClass@20f5239f]" started-at="2023-04-01T11:15:49 IST" name="EndDateAndTime" finished-at="2023-04-01T11:16:18 IST" duration-ms="29645" status="PASS">
          <reporter-output>
          </reporter-output>
        </test-method> <!-- EndDateAndTime -->
        <test-method is-config="true" signature="start(org.testng.ITestResult)[pri:0, instance:org.c.ExecutionClass@20f5239f]" started-at="2023-04-01T11:16:18 IST" name="start" finished-at="2023-04-01T11:16:18 IST" duration-ms="1" status="PASS">
          <params>
            <param index="0">
              <value>
                <![CDATA[[TestResult name={null} status=CREATED method=ExecutionClass.BookingWindow()[pri:8, instance:org.c.ExecutionClass@20f5239f] output={null}]]]>
              </value>
            </param>
          </params>
          <reporter-output>
          </reporter-output>
        </test-method> <!-- start -->
        <test-method signature="BookingWindow()[pri:8, instance:org.c.ExecutionClass@20f5239f]" started-at="2023-04-01T11:16:18 IST" name="BookingWindow" finished-at="2023-04-01T11:16:19 IST" duration-ms="174" status="PASS">
          <reporter-output>
          </reporter-output>
        </test-method> <!-- BookingWindow -->
      </class> <!-- org.c.ExecutionClass -->
    </test> <!-- Default test -->
  </suite> <!-- Default suite -->
</testng-results>
